Arguments: 
  C:\Program Files\nodejs\node.exe C:\Users\brady\AppData\Roaming\npm\node_modules\yarn\bin\yarn.js add @react-native-sqlite-storage

PATH: 
  C:\Program Files\Common Files\Oracle\Java\javapath;C:\Program Files (x86)\Common Files\Oracle\Java\javapath;C:\WINDOWS\system32;C:\WINDOWS;C:\WINDOWS\System32\Wbem;C:\WINDOWS\System32\WindowsPowerShell\v1.0\;C:\WINDOWS\System32\OpenSSH\;C:\Program Files\dotnet\;C:\Program Files\Git\cmd;C:\Program Files\Go\bin;C:\Program Files (x86)\PharosSystems\Core;C:\Program Files\nodejs\;C:\Program Files\MATLAB\R2022b\runtime\win64;C:\Program Files\MATLAB\R2022b\bin;C:\Ruby31-x64\bin;C:\Users\brady\AppData\Local\Microsoft\WindowsApps;;C:\Users\brady\AppData\Local\Programs\Microsoft VS Code\bin;C:\Users\brady\go\bin;C:\Users\brady\AppData\Roaming\npm

Yarn version: 
  1.22.19

Node version: 
  18.12.1

Platform: 
  win32 x64

Trace: 
  Error: https://registry.yarnpkg.com/@react-native-sqlite-storage: Request "https://registry.yarnpkg.com/@react-native-sqlite-storage" returned a 405
      at params.callback [as _callback] (C:\Users\brady\AppData\Roaming\npm\node_modules\yarn\lib\cli.js:66154:18)
      at self.callback (C:\Users\brady\AppData\Roaming\npm\node_modules\yarn\lib\cli.js:140890:22)
      at Request.emit (node:events:513:28)
      at Request.<anonymous> (C:\Users\brady\AppData\Roaming\npm\node_modules\yarn\lib\cli.js:141862:10)
      at Request.emit (node:events:513:28)
      at IncomingMessage.<anonymous> (C:\Users\brady\AppData\Roaming\npm\node_modules\yarn\lib\cli.js:141784:12)
      at Object.onceWrapper (node:events:627:28)
      at IncomingMessage.emit (node:events:525:35)
      at endReadableNT (node:internal/streams/readable:1359:12)
      at process.processTicksAndRejections (node:internal/process/task_queues:82:21)

npm manifest: 
  {
    "dependencies": {
      "react-native-sqlite-storage": "^6.0.1"
    }
  }

yarn manifest: 
  No manifest

Lockfile: 
  # THIS IS AN AUTOGENERATED FILE. DO NOT EDIT THIS FILE DIRECTLY.
  # yarn lockfile v1
  
  
  react-native-sqlite-storage@^6.0.1:
    version "6.0.1"
    resolved "https://registry.yarnpkg.com/react-native-sqlite-storage/-/react-native-sqlite-storage-6.0.1.tgz#ce6a6b852f07abbea68658d5363818c8bef45dfb"
    integrity sha512-1tDFjrint6X6qSYKf3gDyz+XB+X79jfiL6xTugKHPRtF0WvqMtVgdLuNqZunIXjNEvNtNVEbXaeZ6MsguFu00A==
